✅ HTTP Server running at http://146.56.199.122:3000/
📁 Serving files from: /root/.openclaw/workspace/ai-toolbox/dist
2026-02-13T08:52:39.649Z - GET /
2026-02-13T09:04:29.003Z - GET /favicon.svg
2026-02-13T09:04:29.139Z - GET /favicon.svg
2026-02-13T09:04:29.885Z - GET /favicon.svg
2026-02-13T09:04:29.936Z - GET /favicon.svg
2026-02-13T09:23:30.596Z - GET /
2026-02-13T09:28:18.987Z - GET /
2026-02-13T09:28:30.136Z - GET /
2026-02-13T09:28:52.881Z - GET /
2026-02-13T09:36:15.885Z - GET /favicon.svg
2026-02-13T09:36:15.935Z - GET /favicon.svg
2026-02-13T09:36:16.832Z - GET /favicon.svg
2026-02-13T09:36:16.881Z - GET /favicon.svg
2026-02-13T09:36:17.710Z - GET /favicon.svg
2026-02-13T09:36:18.027Z - GET /favicon.svg
2026-02-13T09:36:19.450Z - GET /favicon.svg
2026-02-13T09:36:20.285Z - GET /
2026-02-13T09:36:20.363Z - GET /_next/static/css/5021e6713b96ecba.css
2026-02-13T09:36:20.365Z - GET /_next/static/media/e4af272ccee01ff0-s.p.woff2
2026-02-13T09:36:20.381Z - GET /_next/static/chunks/webpack-f8774eaafe01a96f.js
2026-02-13T09:36:20.392Z - GET /_next/static/chunks/fd9d1056-895f8d5aba27d833.js
2026-02-13T09:36:20.395Z - GET /_next/static/chunks/main-app-0742d72c05d16435.js
2026-02-13T09:36:20.396Z - GET /_next/static/chunks/69-b74e6e27b18e695b.js
2026-02-13T09:36:20.433Z - GET /_next/static/chunks/app/page-2985959669b35b5c.js
2026-02-13T09:36:21.402Z - GET /favicon.ico
2026-02-13T09:36:26.553Z - GET /tools.txt?q=ddd&_rsc=9ehs5
2026-02-13T09:36:28.670Z - GET /tools?q=ddd
2026-02-13T09:36:28.740Z - GET /_next/static/media/e4af272ccee01ff0-s.p.woff2
2026-02-13T09:36:28.742Z - GET /_next/static/css/5021e6713b96ecba.css
2026-02-13T09:36:28.752Z - GET /_next/static/chunks/webpack-f8774eaafe01a96f.js
2026-02-13T09:36:28.761Z - GET /_next/static/chunks/fd9d1056-895f8d5aba27d833.js
2026-02-13T09:36:28.762Z - GET /_next/static/chunks/main-app-0742d72c05d16435.js
2026-02-13T09:36:28.763Z - GET /_next/static/chunks/69-b74e6e27b18e695b.js
2026-02-13T09:37:00.330Z - GET /favicon.svg
2026-02-13T09:37:01.296Z - GET /favicon.svg
2026-02-13T09:37:11.729Z - GET /favicon.svg
2026-02-13T09:44:26.924Z - GET /tools?q=ddd
2026-02-13T09:44:27.015Z - GET /_next/static/chunks/fd9d1056-895f8d5aba27d833.js
2026-02-13T09:44:27.138Z - GET /_next/static/chunks/69-b74e6e27b18e695b.js
2026-02-13T09:44:27.170Z - GET /_next/static/chunks/polyfills-c67a75d1b6f99dc8.js
2026-02-13T09:44:27.514Z - GET /_next/static/chunks/webpack-f8774eaafe01a96f.js
2026-02-13T11:52:33.876Z - POST /
2026-02-13T12:26:11.491Z - GET http://azenv.net/
2026-02-13T13:31:03.096Z - GET /
2026-02-13T13:31:04.374Z - GET /favicon.ico
